{"C:\\Users\\achandran\\Documents\\Visual Studio 2017\\Projects\\WebApplication1\\WebApplication1\\wwwroot\\scripts\\actions.js": {"path":"C:\\Users\\achandran\\Documents\\Visual Studio 2017\\Projects\\WebApplication1\\WebApplication1\\wwwroot\\scripts\\actions.js","statementMap":{"0":{"start":{"line":7,"column":23},"end":{"line":16,"column":1}},"1":{"start":{"line":7,"column":29},"end":{"line":16,"column":1}},"2":{"start":{"line":8,"column":4},"end":{"line":8,"column":38}},"3":{"start":{"line":9,"column":4},"end":{"line":15,"column":7}},"4":{"start":{"line":10,"column":8},"end":{"line":10,"column":30}},"5":{"start":{"line":11,"column":8},"end":{"line":11,"column":35}},"6":{"start":{"line":13,"column":8},"end":{"line":13,"column":31}},"7":{"start":{"line":14,"column":8},"end":{"line":14,"column":35}},"8":{"start":{"line":24,"column":4},"end":{"line":24,"column":38}},"9":{"start":{"line":25,"column":4},"end":{"line":28,"column":5}},"10":{"start":{"line":34,"column":26},"end":{"line":43,"column":1}},"11":{"start":{"line":34,"column":34},"end":{"line":43,"column":1}},"12":{"start":{"line":35,"column":4},"end":{"line":35,"column":41}},"13":{"start":{"line":36,"column":4},"end":{"line":42,"column":7}},"14":{"start":{"line":37,"column":8},"end":{"line":37,"column":30}},"15":{"start":{"line":38,"column":8},"end":{"line":38,"column":32}},"16":{"start":{"line":40,"column":8},"end":{"line":40,"column":31}},"17":{"start":{"line":41,"column":8},"end":{"line":41,"column":35}},"18":{"start":{"line":51,"column":4},"end":{"line":51,"column":41}},"19":{"start":{"line":52,"column":4},"end":{"line":55,"column":5}},"20":{"start":{"line":62,"column":24},"end":{"line":74,"column":1}},"21":{"start":{"line":62,"column":34},"end":{"line":74,"column":1}},"22":{"start":{"line":63,"column":4},"end":{"line":63,"column":39}},"23":{"start":{"line":64,"column":4},"end":{"line":73,"column":7}},"24":{"start":{"line":65,"column":8},"end":{"line":65,"column":34}},"25":{"start":{"line":66,"column":8},"end":{"line":69,"column":10}},"26":{"start":{"line":71,"column":8},"end":{"line":71,"column":31}},"27":{"start":{"line":72,"column":8},"end":{"line":72,"column":35}},"28":{"start":{"line":84,"column":4},"end":{"line":84,"column":41}},"29":{"start":{"line":85,"column":4},"end":{"line":88,"column":5}},"30":{"start":{"line":97,"column":4},"end":{"line":97,"column":39}},"31":{"start":{"line":98,"column":4},"end":{"line":101,"column":5}},"32":{"start":{"line":110,"column":4},"end":{"line":110,"column":41}},"33":{"start":{"line":111,"column":4},"end":{"line":114,"column":5}},"34":{"start":{"line":123,"column":4},"end":{"line":123,"column":47}},"35":{"start":{"line":124,"column":4},"end":{"line":127,"column":5}},"36":{"start":{"line":133,"column":24},"end":{"line":157,"column":1}},"37":{"start":{"line":133,"column":30},"end":{"line":157,"column":1}},"38":{"start":{"line":134,"column":4},"end":{"line":134,"column":39}},"39":{"start":{"line":135,"column":4},"end":{"line":137,"column":6}},"40":{"start":{"line":139,"column":4},"end":{"line":156,"column":7}},"41":{"start":{"line":140,"column":8},"end":{"line":140,"column":30}},"42":{"start":{"line":141,"column":8},"end":{"line":144,"column":10}},"43":{"start":{"line":145,"column":8},"end":{"line":147,"column":10}},"44":{"start":{"line":149,"column":8},"end":{"line":149,"column":31}},"45":{"start":{"line":151,"column":8},"end":{"line":153,"column":10}},"46":{"start":{"line":154,"column":8},"end":{"line":154,"column":35}}},"fnMap":{"0":{"name":"(anonymous_0)","decl":{"start":{"line":7,"column":23},"end":{"line":7,"column":24}},"loc":{"start":{"line":7,"column":29},"end":{"line":16,"column":1}},"line":7},"1":{"name":"(anonymous_1)","decl":{"start":{"line":7,"column":29},"end":{"line":7,"column":30}},"loc":{"start":{"line":7,"column":43},"end":{"line":16,"column":1}},"line":7},"2":{"name":"(anonymous_2)","decl":{"start":{"line":9,"column":60},"end":{"line":9,"column":61}},"loc":{"start":{"line":9,"column":67},"end":{"line":12,"column":5}},"line":9},"3":{"name":"(anonymous_3)","decl":{"start":{"line":12,"column":7},"end":{"line":12,"column":8}},"loc":{"start":{"line":12,"column":16},"end":{"line":15,"column":5}},"line":12},"4":{"name":"addNote","decl":{"start":{"line":23,"column":16},"end":{"line":23,"column":23}},"loc":{"start":{"line":23,"column":30},"end":{"line":29,"column":1}},"line":23},"5":{"name":"(anonymous_5)","decl":{"start":{"line":34,"column":26},"end":{"line":34,"column":27}},"loc":{"start":{"line":34,"column":34},"end":{"line":43,"column":1}},"line":34},"6":{"name":"(anonymous_6)","decl":{"start":{"line":34,"column":34},"end":{"line":34,"column":35}},"loc":{"start":{"line":34,"column":48},"end":{"line":43,"column":1}},"line":34},"7":{"name":"(anonymous_7)","decl":{"start":{"line":36,"column":49},"end":{"line":36,"column":50}},"loc":{"start":{"line":36,"column":56},"end":{"line":39,"column":5}},"line":36},"8":{"name":"(anonymous_8)","decl":{"start":{"line":39,"column":7},"end":{"line":39,"column":8}},"loc":{"start":{"line":39,"column":16},"end":{"line":42,"column":5}},"line":39},"9":{"name":"deleteNote","decl":{"start":{"line":50,"column":16},"end":{"line":50,"column":26}},"loc":{"start":{"line":50,"column":31},"end":{"line":56,"column":1}},"line":50},"10":{"name":"(anonymous_10)","decl":{"start":{"line":62,"column":24},"end":{"line":62,"column":25}},"loc":{"start":{"line":62,"column":34},"end":{"line":74,"column":1}},"line":62},"11":{"name":"(anonymous_11)","decl":{"start":{"line":62,"column":34},"end":{"line":62,"column":35}},"loc":{"start":{"line":62,"column":48},"end":{"line":74,"column":1}},"line":62},"12":{"name":"(anonymous_12)","decl":{"start":{"line":64,"column":51},"end":{"line":64,"column":52}},"loc":{"start":{"line":64,"column":58},"end":{"line":70,"column":5}},"line":64},"13":{"name":"(anonymous_13)","decl":{"start":{"line":70,"column":7},"end":{"line":70,"column":8}},"loc":{"start":{"line":70,"column":16},"end":{"line":73,"column":5}},"line":70},"14":{"name":"updateNote","decl":{"start":{"line":83,"column":16},"end":{"line":83,"column":26}},"loc":{"start":{"line":83,"column":33},"end":{"line":89,"column":1}},"line":83},"15":{"name":"addError","decl":{"start":{"line":96,"column":16},"end":{"line":96,"column":24}},"loc":{"start":{"line":96,"column":34},"end":{"line":102,"column":1}},"line":96},"16":{"name":"clearError","decl":{"start":{"line":109,"column":16},"end":{"line":109,"column":26}},"loc":{"start":{"line":109,"column":31},"end":{"line":115,"column":1}},"line":109},"17":{"name":"editNote","decl":{"start":{"line":122,"column":16},"end":{"line":122,"column":24}},"loc":{"start":{"line":122,"column":29},"end":{"line":128,"column":1}},"line":122},"18":{"name":"(anonymous_18)","decl":{"start":{"line":133,"column":24},"end":{"line":133,"column":25}},"loc":{"start":{"line":133,"column":30},"end":{"line":157,"column":1}},"line":133},"19":{"name":"(anonymous_19)","decl":{"start":{"line":133,"column":30},"end":{"line":133,"column":31}},"loc":{"start":{"line":133,"column":44},"end":{"line":157,"column":1}},"line":133},"20":{"name":"(anonymous_20)","decl":{"start":{"line":139,"column":44},"end":{"line":139,"column":45}},"loc":{"start":{"line":139,"column":51},"end":{"line":148,"column":5}},"line":139},"21":{"name":"(anonymous_21)","decl":{"start":{"line":148,"column":7},"end":{"line":148,"column":8}},"loc":{"start":{"line":148,"column":16},"end":{"line":156,"column":5}},"line":148}},"branchMap":{},"s":{"0":1,"1":0,"2":0,"3":0,"4":0,"5":0,"6":0,"7":0,"8":0,"9":0,"10":1,"11":0,"12":0,"13":0,"14":0,"15":0,"16":0,"17":0,"18":0,"19":0,"20":1,"21":0,"22":0,"23":0,"24":0,"25":0,"26":0,"27":0,"28":0,"29":0,"30":0,"31":0,"32":0,"33":0,"34":0,"35":0,"36":1,"37":0,"38":0,"39":0,"40":0,"41":0,"42":0,"43":0,"44":0,"45":0,"46":0},"f":{"0":0,"1":0,"2":0,"3":0,"4":0,"5":0,"6":0,"7":0,"8":0,"9":0,"10":0,"11":0,"12":0,"13":0,"14":0,"15":0,"16":0,"17":0,"18":0,"19":0,"20":0,"21":0},"b":{},"_coverageSchema":"332fd63041d2c1bcb487cc26dd0d5f7d97098a6c","hash":"a72db1bbbe406bb1a1dda96dc2b63a257471c1fb"}
,"C:\\Users\\achandran\\Documents\\Visual Studio 2017\\Projects\\WebApplication1\\WebApplication1\\wwwroot\\scripts\\constants.js": {"path":"C:\\Users\\achandran\\Documents\\Visual Studio 2017\\Projects\\WebApplication1\\WebApplication1\\wwwroot\\scripts\\constants.js","statementMap":{"0":{"start":{"line":1,"column":19},"end":{"line":14,"column":1}}},"fnMap":{},"branchMap":{},"s":{"0":1},"f":{},"b":{},"_coverageSchema":"332fd63041d2c1bcb487cc26dd0d5f7d97098a6c","hash":"6c66deb23a8bdb6ba77e7aa7c291d5f9f3a47974"}
,"C:\\Users\\achandran\\Documents\\Visual Studio 2017\\Projects\\WebApplication1\\WebApplication1\\wwwroot\\scripts\\components\\containers\\Note.js": {"path":"C:\\Users\\achandran\\Documents\\Visual Studio 2017\\Projects\\WebApplication1\\WebApplication1\\wwwroot\\scripts\\components\\containers\\Note.js","statementMap":{"0":{"start":{"line":10,"column":24},"end":{"line":14,"column":1}},"1":{"start":{"line":11,"column":4},"end":{"line":13,"column":5}},"2":{"start":{"line":20,"column":27},"end":{"line":35,"column":1}},"3":{"start":{"line":21,"column":4},"end":{"line":34,"column":6}},"4":{"start":{"line":23,"column":12},"end":{"line":23,"column":46}},"5":{"start":{"line":24,"column":12},"end":{"line":24,"column":37}},"6":{"start":{"line":27,"column":12},"end":{"line":27,"column":53}},"7":{"start":{"line":28,"column":12},"end":{"line":28,"column":37}},"8":{"start":{"line":31,"column":12},"end":{"line":31,"column":51}},"9":{"start":{"line":32,"column":12},"end":{"line":32,"column":35}},"10":{"start":{"line":37,"column":22},"end":{"line":37,"column":71}}},"fnMap":{"0":{"name":"(anonymous_0)","decl":{"start":{"line":10,"column":24},"end":{"line":10,"column":25}},"loc":{"start":{"line":10,"column":33},"end":{"line":14,"column":1}},"line":10},"1":{"name":"(anonymous_1)","decl":{"start":{"line":20,"column":27},"end":{"line":20,"column":28}},"loc":{"start":{"line":20,"column":41},"end":{"line":35,"column":1}},"line":20}},"branchMap":{},"s":{"0":1,"1":0,"2":1,"3":0,"4":0,"5":0,"6":0,"7":0,"8":0,"9":0,"10":1},"f":{"0":0,"1":0},"b":{},"_coverageSchema":"332fd63041d2c1bcb487cc26dd0d5f7d97098a6c","hash":"e8785170fc837b602d8ec3b292c699bc1040efaa"}
,"C:\\Users\\achandran\\Documents\\Visual Studio 2017\\Projects\\WebApplication1\\WebApplication1\\wwwroot\\scripts\\components\\ui\\Board.js": {"path":"C:\\Users\\achandran\\Documents\\Visual Studio 2017\\Projects\\WebApplication1\\WebApplication1\\wwwroot\\scripts\\components\\ui\\Board.js","statementMap":{"0":{"start":{"line":14,"column":8},"end":{"line":14,"column":43}},"1":{"start":{"line":15,"column":8},"end":{"line":15,"column":31}},"2":{"start":{"line":22,"column":8},"end":{"line":25,"column":16}},"3":{"start":{"line":32,"column":8},"end":{"line":37,"column":9}}},"fnMap":{"0":{"name":"(anonymous_0)","decl":{"start":{"line":13,"column":4},"end":{"line":13,"column":5}},"loc":{"start":{"line":13,"column":25},"end":{"line":16,"column":5}},"line":13},"1":{"name":"(anonymous_1)","decl":{"start":{"line":21,"column":4},"end":{"line":21,"column":5}},"loc":{"start":{"line":21,"column":19},"end":{"line":26,"column":5}},"line":21},"2":{"name":"(anonymous_2)","decl":{"start":{"line":31,"column":4},"end":{"line":31,"column":5}},"loc":{"start":{"line":31,"column":13},"end":{"line":38,"column":5}},"line":31}},"branchMap":{},"s":{"0":1,"1":1,"2":0,"3":1},"f":{"0":1,"1":0,"2":1},"b":{},"_coverageSchema":"332fd63041d2c1bcb487cc26dd0d5f7d97098a6c","hash":"5cc2cabc7721ada70bf1f736a1fd358e68735025"}
,"C:\\Users\\achandran\\Documents\\Visual Studio 2017\\Projects\\WebApplication1\\WebApplication1\\wwwroot\\scripts\\components\\ui\\Note.js": {"path":"C:\\Users\\achandran\\Documents\\Visual Studio 2017\\Projects\\WebApplication1\\WebApplication1\\wwwroot\\scripts\\components\\ui\\Note.js","statementMap":{"0":{"start":{"line":13,"column":8},"end":{"line":16,"column":9}},"1":{"start":{"line":20,"column":8},"end":{"line":20,"column":59}},"2":{"start":{"line":27,"column":8},"end":{"line":35,"column":9}},"3":{"start":{"line":31,"column":54},"end":{"line":31,"column":97}},"4":{"start":{"line":32,"column":56},"end":{"line":32,"column":101}},"5":{"start":{"line":42,"column":8},"end":{"line":50,"column":9}},"6":{"start":{"line":46,"column":41},"end":{"line":46,"column":122}},"7":{"start":{"line":58,"column":8},"end":{"line":63,"column":9}}},"fnMap":{"0":{"name":"(anonymous_0)","decl":{"start":{"line":12,"column":4},"end":{"line":12,"column":5}},"loc":{"start":{"line":12,"column":25},"end":{"line":17,"column":5}},"line":12},"1":{"name":"(anonymous_1)","decl":{"start":{"line":19,"column":4},"end":{"line":19,"column":5}},"loc":{"start":{"line":19,"column":27},"end":{"line":21,"column":5}},"line":19},"2":{"name":"(anonymous_2)","decl":{"start":{"line":26,"column":4},"end":{"line":26,"column":5}},"loc":{"start":{"line":26,"column":20},"end":{"line":36,"column":5}},"line":26},"3":{"name":"(anonymous_3)","decl":{"start":{"line":31,"column":47},"end":{"line":31,"column":48}},"loc":{"start":{"line":31,"column":53},"end":{"line":31,"column":98}},"line":31},"4":{"name":"(anonymous_4)","decl":{"start":{"line":32,"column":49},"end":{"line":32,"column":50}},"loc":{"start":{"line":32,"column":55},"end":{"line":32,"column":102}},"line":32},"5":{"name":"(anonymous_5)","decl":{"start":{"line":41,"column":4},"end":{"line":41,"column":5}},"loc":{"start":{"line":41,"column":17},"end":{"line":51,"column":5}},"line":41},"6":{"name":"(anonymous_6)","decl":{"start":{"line":46,"column":33},"end":{"line":46,"column":34}},"loc":{"start":{"line":46,"column":39},"end":{"line":46,"column":123}},"line":46},"7":{"name":"(anonymous_7)","decl":{"start":{"line":57,"column":4},"end":{"line":57,"column":5}},"loc":{"start":{"line":57,"column":13},"end":{"line":64,"column":5}},"line":57}},"branchMap":{"0":{"loc":{"start":{"line":60,"column":17},"end":{"line":61,"column":62}},"type":"cond-expr","locations":[{"start":{"line":61,"column":22},"end":{"line":61,"column":39}},{"start":{"line":61,"column":42},"end":{"line":61,"column":62}}],"line":60}},"s":{"0":2,"1":4,"2":1,"3":1,"4":1,"5":1,"6":1,"7":2},"f":{"0":2,"1":4,"2":1,"3":1,"4":1,"5":1,"6":1,"7":2},"b":{"0":[1,1]},"_coverageSchema":"332fd63041d2c1bcb487cc26dd0d5f7d97098a6c","hash":"a377038ba52bb87236c90e28b6de2f455faafdb9"}
,"C:\\Users\\achandran\\Documents\\Visual Studio 2017\\Projects\\WebApplication1\\WebApplication1\\wwwroot\\scripts\\service\\NotesService.js": {"path":"C:\\Users\\achandran\\Documents\\Visual Studio 2017\\Projects\\WebApplication1\\WebApplication1\\wwwroot\\scripts\\service\\NotesService.js","statementMap":{"0":{"start":{"line":13,"column":4},"end":{"line":13,"column":47}},"1":{"start":{"line":15,"column":4},"end":{"line":35,"column":5}},"2":{"start":{"line":17,"column":8},"end":{"line":17,"column":42}},"3":{"start":{"line":19,"column":8},"end":{"line":19,"column":50}},"4":{"start":{"line":22,"column":8},"end":{"line":22,"column":37}},"5":{"start":{"line":23,"column":8},"end":{"line":23,"column":60}},"6":{"start":{"line":26,"column":8},"end":{"line":26,"column":39}},"7":{"start":{"line":27,"column":8},"end":{"line":27,"column":78}},"8":{"start":{"line":30,"column":8},"end":{"line":30,"column":39}},"9":{"start":{"line":31,"column":8},"end":{"line":31,"column":69}},"10":{"start":{"line":34,"column":8},"end":{"line":34,"column":20}}},"fnMap":{"0":{"name":"notesService","decl":{"start":{"line":12,"column":16},"end":{"line":12,"column":28}},"loc":{"start":{"line":12,"column":47},"end":{"line":36,"column":1}},"line":12}},"branchMap":{"0":{"loc":{"start":{"line":15,"column":4},"end":{"line":35,"column":5}},"type":"switch","locations":[{"start":{"line":16,"column":4},"end":{"line":19,"column":50}},{"start":{"line":21,"column":4},"end":{"line":23,"column":60}},{"start":{"line":25,"column":4},"end":{"line":27,"column":78}},{"start":{"line":29,"column":4},"end":{"line":31,"column":69}},{"start":{"line":33,"column":4},"end":{"line":34,"column":20}}],"line":15}},"s":{"0":0,"1":0,"2":0,"3":0,"4":0,"5":0,"6":0,"7":0,"8":0,"9":0,"10":0},"f":{"0":0},"b":{"0":[0,0,0,0,0]},"_coverageSchema":"332fd63041d2c1bcb487cc26dd0d5f7d97098a6c","hash":"ab7b176e54142ad2c0b0eedc97536ae47d4c7504"}
}
