TN:
SF:C:\Users\achandran\Documents\Visual Studio 2017\Projects\WebApplication1\WebApplication1\wwwroot\scripts\actions.js
FN:7,(anonymous_0)
FN:7,(anonymous_1)
FN:9,(anonymous_2)
FN:12,(anonymous_3)
FN:23,addNote
FN:34,(anonymous_5)
FN:34,(anonymous_6)
FN:36,(anonymous_7)
FN:39,(anonymous_8)
FN:50,deleteNote
FN:62,(anonymous_10)
FN:62,(anonymous_11)
FN:64,(anonymous_12)
FN:70,(anonymous_13)
FN:83,updateNote
FN:96,addError
FN:109,clearError
FN:122,editNote
FN:133,(anonymous_18)
FN:133,(anonymous_19)
FN:139,(anonymous_20)
FN:148,(anonymous_21)
FNF:22
FNH:0
FNDA:0,(anonymous_0)
FNDA:0,(anonymous_1)
FNDA:0,(anonymous_2)
FNDA:0,(anonymous_3)
FNDA:0,addNote
FNDA:0,(anonymous_5)
FNDA:0,(anonymous_6)
FNDA:0,(anonymous_7)
FNDA:0,(anonymous_8)
FNDA:0,deleteNote
FNDA:0,(anonymous_10)
FNDA:0,(anonymous_11)
FNDA:0,(anonymous_12)
FNDA:0,(anonymous_13)
FNDA:0,updateNote
FNDA:0,addError
FNDA:0,clearError
FNDA:0,editNote
FNDA:0,(anonymous_18)
FNDA:0,(anonymous_19)
FNDA:0,(anonymous_20)
FNDA:0,(anonymous_21)
DA:7,1
DA:8,0
DA:9,0
DA:10,0
DA:11,0
DA:13,0
DA:14,0
DA:24,0
DA:25,0
DA:34,1
DA:35,0
DA:36,0
DA:37,0
DA:38,0
DA:40,0
DA:41,0
DA:51,0
DA:52,0
DA:62,1
DA:63,0
DA:64,0
DA:65,0
DA:66,0
DA:71,0
DA:72,0
DA:84,0
DA:85,0
DA:97,0
DA:98,0
DA:110,0
DA:111,0
DA:123,0
DA:124,0
DA:133,1
DA:134,0
DA:135,0
DA:139,0
DA:140,0
DA:141,0
DA:145,0
DA:149,0
DA:151,0
DA:154,0
LF:43
LH:4
BRF:0
BRH:0
end_of_record
TN:
SF:C:\Users\achandran\Documents\Visual Studio 2017\Projects\WebApplication1\WebApplication1\wwwroot\scripts\constants.js
FNF:0
FNH:0
DA:1,1
LF:1
LH:1
BRF:0
BRH:0
end_of_record
TN:
SF:C:\Users\achandran\Documents\Visual Studio 2017\Projects\WebApplication1\WebApplication1\wwwroot\scripts\components\containers\Note.js
FN:10,(anonymous_0)
FN:20,(anonymous_1)
FNF:2
FNH:0
FNDA:0,(anonymous_0)
FNDA:0,(anonymous_1)
DA:10,1
DA:11,0
DA:20,1
DA:21,0
DA:23,0
DA:24,0
DA:27,0
DA:28,0
DA:31,0
DA:32,0
DA:37,1
LF:11
LH:3
BRF:0
BRH:0
end_of_record
TN:
SF:C:\Users\achandran\Documents\Visual Studio 2017\Projects\WebApplication1\WebApplication1\wwwroot\scripts\components\ui\Board.js
FN:13,(anonymous_0)
FN:21,(anonymous_1)
FN:31,(anonymous_2)
FNF:3
FNH:2
FNDA:1,(anonymous_0)
FNDA:0,(anonymous_1)
FNDA:1,(anonymous_2)
DA:14,1
DA:15,1
DA:22,0
DA:32,1
LF:4
LH:3
BRF:0
BRH:0
end_of_record
TN:
SF:C:\Users\achandran\Documents\Visual Studio 2017\Projects\WebApplication1\WebApplication1\wwwroot\scripts\components\ui\Note.js
FN:12,(anonymous_0)
FN:19,(anonymous_1)
FN:26,(anonymous_2)
FN:31,(anonymous_3)
FN:32,(anonymous_4)
FN:41,(anonymous_5)
FN:46,(anonymous_6)
FN:57,(anonymous_7)
FNF:8
FNH:8
FNDA:2,(anonymous_0)
FNDA:4,(anonymous_1)
FNDA:1,(anonymous_2)
FNDA:1,(anonymous_3)
FNDA:1,(anonymous_4)
FNDA:1,(anonymous_5)
FNDA:1,(anonymous_6)
FNDA:2,(anonymous_7)
DA:13,2
DA:20,4
DA:27,1
DA:31,1
DA:32,1
DA:42,1
DA:46,1
DA:58,2
LF:8
LH:8
BRDA:60,0,0,1
BRDA:60,0,1,1
BRF:2
BRH:2
end_of_record
TN:
SF:C:\Users\achandran\Documents\Visual Studio 2017\Projects\WebApplication1\WebApplication1\wwwroot\scripts\service\NotesService.js
FN:12,notesService
FNF:1
FNH:0
FNDA:0,notesService
DA:13,0
DA:15,0
DA:17,0
DA:19,0
DA:22,0
DA:23,0
DA:26,0
DA:27,0
DA:30,0
DA:31,0
DA:34,0
LF:11
LH:0
BRDA:15,0,0,0
BRDA:15,0,1,0
BRDA:15,0,2,0
BRDA:15,0,3,0
BRDA:15,0,4,0
BRF:5
BRH:0
end_of_record
